This is pdfTeX, Version 3.14159265-2.6-1.40.16 (MiKTeX 2.9 64-bit) (preloaded format=pdftex 2016.5.31)  31 MAY 2016 22:16
entering extended mode
**C:/Users/Melissa/Desktop/Psicopatia/Referencias.bib
(C:/Users/Melissa/Desktop/Psicopatia/Referencias.bib
Overfull \hbox (12.91266pt too wide) in paragraph at lines 11--18
[]\tenrm @articlelopez2008psicopatia, ti-tle=Psicopata ver-sus trastorno an-t
i-so-cial de la per-son-al-i-dad, au-thor=Lopez,|

\hbox(6.94444+1.94444)x469.75499, glue set - 1.0
.\hbox(0.0+0.0)x20.0
.\tenrm @
.\tenrm a
.\tenrm r
.\tenrm t
.etc.


Overfull \hbox (5.49603pt too wide) in paragraph at lines 28--33
[]\tenrm @articlemarietan2008complementario, ti-tle=El com-ple-men-tario y su p
sicopata1, au-thor=Marietan, Hugo,|

\hbox(6.94444+1.94444)x469.75499, glue set - 1.0
.\hbox(0.0+0.0)x20.0
.\tenrm @
.\tenrm a
.\tenrm r
.\tenrm t
.etc.

)
*
! Emergency stop.
<*> .../Melissa/Desktop/Psicopatia/Referencias.bib
                                                  
End of file on the terminal!

!  ==> Fatal error occurred, no output PDF file produced!
